2025-10-16 22:42:10,148 - INFO - Starting CleanMyFiles...
2025-10-16 22:52:01,872 - INFO - Starting CleanMyFiles...
2025-10-27 18:24:04,011 - INFO - Starting CleanMyFiles...
2025-10-27 18:32:31,904 - INFO - Starting CleanMyFiles...
2025-10-27 18:32:31,925 - INFO - Moved: C:\Users\USER/Downloads\13_cosmetics_shop.docx \u2192 C:\Users\USER/Downloads\Documents\13_cosmetics_shop.docx
2025-10-27 18:32:31,946 - INFO - Moved: C:\Users\USER/Downloads\1556960_38601_2)wims 2019_4th jan 23_fn_im_ec2m_qp.docx \u2192 C:\Users\USER/Downloads\Documents\1556960_38601_2)wims 2019_4th jan 23_fn_im_ec2m_qp.docx
2025-10-27 18:32:31,948 - INFO - Moved: C:\Users\USER/Downloads\18)wims 2019_17th March 23_FN_IM_EC3M_QP.docx \u2192 C:\Users\USER/Downloads\Documents\18)wims 2019_17th March 23_FN_IM_EC3M_QP.docx
2025-10-27 18:32:31,949 - INFO - Moved: C:\Users\USER/Downloads\2021wb86600 (1).pdf \u2192 C:\Users\USER/Downloads\Documents\2021wb86600 (1).pdf
2025-10-27 18:32:31,950 - INFO - Moved: C:\Users\USER/Downloads\2021wb86600 (2).pdf \u2192 C:\Users\USER/Downloads\Documents\2021wb86600 (2).pdf
2025-10-27 18:32:31,952 - INFO - Moved: C:\Users\USER/Downloads\2021wb86600.pdf \u2192 C:\Users\USER/Downloads\Documents\2021wb86600.pdf
2025-10-27 18:32:31,953 - INFO - Moved: C:\Users\USER/Downloads\2021wb86600_MidSemReport (1).docx \u2192 C:\Users\USER/Downloads\Documents\2021wb86600_MidSemReport (1).docx
2025-10-27 18:32:31,954 - INFO - Moved: C:\Users\USER/Downloads\2021wb86600_MidSemReport.docx \u2192 C:\Users\USER/Downloads\Documents\2021wb86600_MidSemReport.docx
2025-10-27 18:32:31,955 - INFO - Moved: C:\Users\USER/Downloads\2021wb86600_MidSemReport.pdf \u2192 C:\Users\USER/Downloads\Documents\2021wb86600_MidSemReport.pdf
2025-10-27 18:32:31,956 - INFO - Moved: C:\Users\USER/Downloads\338743320f28963fe91756f887bc381aa765c846 (1).pdf \u2192 C:\Users\USER/Downloads\Documents\338743320f28963fe91756f887bc381aa765c846 (1).pdf
2025-10-27 18:32:31,958 - INFO - Moved: C:\Users\USER/Downloads\338743320f28963fe91756f887bc381aa765c846.pdf \u2192 C:\Users\USER/Downloads\Documents\338743320f28963fe91756f887bc381aa765c846.pdf
2025-10-27 18:32:31,959 - INFO - Moved: C:\Users\USER/Downloads\Anirban's resume.pdf \u2192 C:\Users\USER/Downloads\Documents\Anirban's resume.pdf
2025-10-27 18:32:31,961 - INFO - Moved: C:\Users\USER/Downloads\maa_passport.pdf \u2192 C:\Users\USER/Downloads\Documents\maa_passport.pdf
2025-10-27 18:32:31,962 - INFO - Moved: C:\Users\USER/Downloads\maa_signature.pdf \u2192 C:\Users\USER/Downloads\Documents\maa_signature.pdf
2025-10-27 18:32:31,963 - INFO - Moved: C:\Users\USER/Downloads\project_plan.pdf \u2192 C:\Users\USER/Downloads\Documents\project_plan.pdf
2025-10-27 18:32:31,965 - INFO - Moved: C:\Users\USER/Downloads\sambita_aadhar-compressed.pdf \u2192 C:\Users\USER/Downloads\Documents\sambita_aadhar-compressed.pdf
2025-10-27 18:32:31,966 - INFO - Moved: C:\Users\USER/Downloads\sambita_aadhar.pdf \u2192 C:\Users\USER/Downloads\Documents\sambita_aadhar.pdf
2025-10-27 18:32:31,967 - INFO - Moved: C:\Users\USER/Downloads\sambita_pan-compressed.pdf \u2192 C:\Users\USER/Downloads\Documents\sambita_pan-compressed.pdf
2025-10-27 18:32:31,968 - INFO - Moved: C:\Users\USER/Downloads\sambita_pan.pdf \u2192 C:\Users\USER/Downloads\Documents\sambita_pan.pdf
2025-10-27 18:32:31,969 - INFO - Moved: C:\Users\USER/Downloads\sambita_training_certificate (1).pdf \u2192 C:\Users\USER/Downloads\Documents\sambita_training_certificate (1).pdf
2025-10-27 18:32:31,970 - INFO - Moved: C:\Users\USER/Downloads\sambita_training_certificate.pdf \u2192 C:\Users\USER/Downloads\Documents\sambita_training_certificate.pdf
2025-10-27 18:32:31,971 - INFO - Moved: C:\Users\USER/Downloads\UDYAM REGISTRATION (1)-compressed.pdf \u2192 C:\Users\USER/Downloads\Documents\UDYAM REGISTRATION (1)-compressed.pdf
2025-10-27 18:32:31,972 - INFO - Moved: C:\Users\USER/Downloads\UDYAM REGISTRATION (1)-compressed_11zon.pdf \u2192 C:\Users\USER/Downloads\Documents\UDYAM REGISTRATION (1)-compressed_11zon.pdf
2025-10-27 18:32:31,974 - INFO - Moved: C:\Users\USER/Downloads\utweb-tutorial-cover-art.png \u2192 C:\Users\USER/Downloads\Images\utweb-tutorial-cover-art_2.png
2025-10-27 18:32:31,976 - INFO - Moved: C:\Users\USER/Downloads\utweb-tutorial-cover-art_1.png \u2192 C:\Users\USER/Downloads\Images\utweb-tutorial-cover-art_1_1.png
2025-10-27 18:32:31,977 - INFO - Moved: C:\Users\USER/Downloads\WhatsApp Image 2025-07-29 at 3.03.31 PM.jpeg \u2192 C:\Users\USER/Downloads\Images\WhatsApp Image 2025-07-29 at 3.03.31 PM_2.jpeg
2025-10-27 18:32:31,979 - INFO - Moved: C:\Users\USER/Downloads\WhatsApp Image 2025-07-29 at 3.03.31 PM_1.jpeg \u2192 C:\Users\USER/Downloads\Images\WhatsApp Image 2025-07-29 at 3.03.31 PM_1_1.jpeg
2025-10-27 18:32:31,980 - INFO - Moved: C:\Users\USER/Downloads\WhatsApp Image 2025-09-08 at 6.26.35 PM.jpeg \u2192 C:\Users\USER/Downloads\Images\WhatsApp Image 2025-09-08 at 6.26.35 PM_2.jpeg
2025-10-27 18:32:31,981 - INFO - Moved: C:\Users\USER/Downloads\WhatsApp Image 2025-09-08 at 6.26.35 PM_1.jpeg \u2192 C:\Users\USER/Downloads\Images\WhatsApp Image 2025-09-08 at 6.26.35 PM_1_1.jpeg
2025-10-27 18:32:31,983 - INFO - Moved: C:\Users\USER/Downloads\WhatsApp Image 2025-09-08 at 6.28.18 PM.jpeg \u2192 C:\Users\USER/Downloads\Images\WhatsApp Image 2025-09-08 at 6.28.18 PM_2.jpeg
2025-10-27 18:32:31,985 - INFO - Moved: C:\Users\USER/Downloads\WhatsApp Image 2025-09-08 at 6.28.18 PM_1.jpeg \u2192 C:\Users\USER/Downloads\Images\WhatsApp Image 2025-09-08 at 6.28.18 PM_1_1.jpeg
2025-10-27 18:32:31,985 - INFO - Organizing complete. Total files moved: 31
2025-10-27 18:40:55,644 - INFO - Starting CleanMyFiles...
2025-10-27 18:40:55,679 - INFO - Duplicate file skipped: C:\Users\USER/Downloads\utweb-tutorial-cover-art.png
2025-10-27 18:40:55,680 - WARNING - Failed to move: C:\Users\USER/Downloads\utweb-tutorial-cover-art.png
2025-10-27 18:40:55,680 - INFO - Duplicate file skipped: C:\Users\USER/Downloads\WhatsApp Image 2025-07-29 at 3.03.31 PM.jpeg
2025-10-27 18:40:55,680 - WARNING - Failed to move: C:\Users\USER/Downloads\WhatsApp Image 2025-07-29 at 3.03.31 PM.jpeg
2025-10-27 18:40:55,680 - INFO - Duplicate file skipped: C:\Users\USER/Downloads\WhatsApp Image 2025-09-08 at 6.26.35 PM.jpeg
2025-10-27 18:40:55,681 - WARNING - Failed to move: C:\Users\USER/Downloads\WhatsApp Image 2025-09-08 at 6.26.35 PM.jpeg
2025-10-27 18:40:55,681 - INFO - Duplicate file skipped: C:\Users\USER/Downloads\WhatsApp Image 2025-09-08 at 6.28.18 PM.jpeg
2025-10-27 18:40:55,681 - WARNING - Failed to move: C:\Users\USER/Downloads\WhatsApp Image 2025-09-08 at 6.28.18 PM.jpeg
2025-10-27 18:40:55,681 - INFO - Organizing complete. Total files moved: 0
